<?xml version="1.0" encoding="UTF-8"?>
<!-- Generated by org.testng.reporters.JUnitReportReporter -->
<testsuite hostname="nfml-rperezalcolea1EM" failures="0" tests="13" name="nebula.test.testng.NonParallelParameterizationTest" time="0.008" errors="0" timestamp="09 Jul 2021 00:15:17 GMT" skipped="0">
  <testcase classname="nebula.test.testng.NonParallelParameterizationTest" name="isOdd_ShouldReturnTrueForOddNumbers" time="0.000"/>
  <testcase classname="nebula.test.testng.NonParallelParameterizationTest" name="isOdd_ShouldReturnTrueForOddNumbers" time="0.000"/>
  <testcase classname="nebula.test.testng.NonParallelParameterizationTest" name="isOdd_ShouldReturnTrueForOddNumbers" time="0.000"/>
  <testcase classname="nebula.test.testng.NonParallelParameterizationTest" name="isOdd_ShouldReturnTrueForOddNumbers" time="0.000"/>
  <testcase classname="nebula.test.testng.NonParallelParameterizationTest" name="isOdd_ShouldReturnTrueForOddNumbers" time="0.000"/>
  <testcase classname="nebula.test.testng.NonParallelParameterizationTest" name="isOdd_ShouldReturnTrueForOddNumbers" time="0.001"/>
  <testcase classname="nebula.test.testng.NonParallelParameterizationTest" name="isOdd_ShouldReturnTrueForOddNumbers" time="0.001"/>
  <testcase classname="nebula.test.testng.NonParallelParameterizationTest" name="isOdd_ShouldReturnTrueForOddNumbersSubset" time="0.002"/>
  <testcase classname="nebula.test.testng.NonParallelParameterizationTest" name="isOdd_ShouldReturnTrueForOddNumbers" time="0.001"/>
  <testcase classname="nebula.test.testng.NonParallelParameterizationTest" name="isOdd_ShouldReturnTrueForOddNumbers" time="0.001"/>
  <testcase classname="nebula.test.testng.NonParallelParameterizationTest" name="isOdd_ShouldReturnTrueForOddNumbers" time="0.001"/>
  <testcase classname="nebula.test.testng.NonParallelParameterizationTest" name="isOdd_ShouldReturnTrueForOddNumbersSubset" time="0.001"/>
  <testcase classname="nebula.test.testng.NonParallelParameterizationTest" name="isOdd_ShouldReturnTrueForOddNumbers" time="0.000"/>
</testsuite> <!-- nebula.test.testng.NonParallelParameterizationTest -->
